<?xml version="1.0" encoding="UTF-8"?>
<!-- Generated by org.testng.reporters.JUnitReportReporter -->
<testsuite hostname="WINDOWS-5RLB6OD" failures="0" tests="1" name="com.trinity.PropertiesTestCases" time="14.480" errors="0" timestamp="2024-03-04T14:53:15 IST" skipped="0">
  <testcase classname="com.trinity.PropertiesTestCases" name="VerifyLastNameIsrequiredUsingPOM" time="14.480"/>
  <system-out/>
</testsuite> <!-- com.trinity.PropertiesTestCases -->
